生成启动时间为 2016/8/17 22:38:19。
     1>项目“E:\code\FileCompress\FileCompress\FileCompress.vcxproj”在节点 2 上(build 个目标)。
     1>InitializeBuildStatus:
         正在创建“Release\FileCompress.unsuccessfulbuild”，因为已指定“AlwaysCreate”。
       ClCompile:
         c:\Program Files (x86)\Microsoft Visual Studio 10.0\VC\bin\CL.exe /c /Zi /nologo /W3 /WX- /O2 /Oi /Oy- /GL /D _MBCS /Gm- /EHsc /MD /GS /Gy /fp:precise /Zc:wchar_t /Zc:forScope /Fo"Release\\" /Fd"Release\vc100.pdb" /Gd /TP /analyze- /errorReport:prompt Test.cpp
         Test.cpp
     1>e:\code\filecompress\filecompress\Heap.h(189): warning C4018: “<”: 有符号/无符号不匹配
     1>e:\code\filecompress\filecompress\FileCompress.h(123): warning C4996: 'itoa': The POSIX name for this item is deprecated. Instead, use the ISO C++ conformant name: _itoa. See online help for details.
                 c:\Program Files (x86)\Microsoft Visual Studio 10.0\VC\include\stdlib.h(867) : 参见“itoa”的声明
     1>e:\code\filecompress\filecompress\FileCompress.h(134): warning C4996: 'itoa': The POSIX name for this item is deprecated. Instead, use the ISO C++ conformant name: _itoa. See online help for details.
                 c:\Program Files (x86)\Microsoft Visual Studio 10.0\VC\include\stdlib.h(867) : 参见“itoa”的声明
       Link:
         c:\Program Files (x86)\Microsoft Visual Studio 10.0\VC\bin\link.exe /ERRORREPORT:PROMPT /OUT:"E:\code\FileCompress\Release\FileCompress.exe" /NOLOGO kernel32.lib user32.lib gdi32.lib winspool.lib comdlg32.lib advapi32.lib shell32.lib ole32.lib oleaut32.lib uuid.lib odbc32.lib odbccp32.lib /MANIFEST /ManifestFile:"Release\FileCompress.exe.intermediate.manifest" /MANIFESTUAC:"level='asInvoker' uiAccess='false'" /DEBUG /PDB:"E:\code\FileCompress\Release\FileCompress.pdb" /OPT:REF /OPT:ICF /LTCG /TLBID:1 /DYNAMICBASE /NXCOMPAT /IMPLIB:"E:\code\FileCompress\Release\FileCompress.lib" /MACHINE:X86 Release\Test.obj
         正在生成代码
         已完成代码的生成
         FileCompress.vcxproj -> E:\code\FileCompress\Release\FileCompress.exe
       Manifest:
         c:\Program Files (x86)\Microsoft SDKs\Windows\v7.0A\bin\mt.exe /nologo /verbose /outputresource:"E:\code\FileCompress\Release\FileCompress.exe;#1" /manifest Release\FileCompress.exe.intermediate.manifest
       FinalizeBuildStatus:
         正在删除文件“Release\FileCompress.unsuccessfulbuild”。
         正在对“Release\FileCompress.lastbuildstate”执行 Touch 任务。
     1>已完成生成项目“E:\code\FileCompress\FileCompress\FileCompress.vcxproj”(build 个目标)的操作。

生成成功。

已用时间 00:00:02.83
